<?xml version="1.0" encoding="UTF-8"?>
<!-- Generated by org.testng.reporters.JUnitReportReporter -->
<testsuite skipped="0" hostname="DESKTOP-KHK515V" name="base.Config01" tests="1" failures="0" timestamp="2019-09-29T16:24:53 EDT" time="82.139" errors="0">
  <testcase name="Azsearch" time="82.139" classname="base.Config01"/>
</testsuite> <!-- base.Config01 -->
